2025-10-11 13:24:52 [[31merror[39m]: API Error:
2025-10-11 13:24:52 [[31merror[39m]: Erreur lors de la récupération du serveur: Invalid URL
TypeError: Invalid URL
    at new URL (node:internal/url:828:25)
    at dispatchHttpRequest (C:\Users\jules\Desktop\Guild Cart\bot\node_modules\axios\lib\adapters\http.js:235:20)
    at C:\Users\jules\Desktop\Guild Cart\bot\node_modules\axios\lib\adapters\http.js:155:5
    at new Promise (<anonymous>)
    at wrapAsync (C:\Users\jules\Desktop\Guild Cart\bot\node_modules\axios\lib\adapters\http.js:135:10)
    at http (C:\Users\jules\Desktop\Guild Cart\bot\node_modules\axios\lib\adapters\http.js:173:10)
    at Axios.dispatchRequest (C:\Users\jules\Desktop\Guild Cart\bot\node_modules\axios\lib\core\dispatchRequest.js:51:10)
    at Axios._request (C:\Users\jules\Desktop\Guild Cart\bot\node_modules\axios\lib\core\Axios.js:185:33)
    at Axios.request (C:\Users\jules\Desktop\Guild Cart\bot\node_modules\axios\lib\core\Axios.js:40:25)
    at Axios.<computed> [as get] (C:\Users\jules\Desktop\Guild Cart\bot\node_modules\axios\lib\core\Axios.js:211:17)
    at Axios.request (C:\Users\jules\Desktop\Guild Cart\bot\node_modules\axios\lib\core\Axios.js:45:41)
    at processTicksAndRejections (node:internal/process/task_queues:105:5)
    at ApiClient.getServer (C:\Users\jules\Desktop\Guild Cart\bot\src\utils\apiClient.ts:82:24)
    at Object.execute (C:\Users\jules\Desktop\Guild Cart\bot\src\commands\setup.ts:23:16)
    at Object.execute (C:\Users\jules\Desktop\Guild Cart\bot\src\events\interactionCreate.ts:19:7)
2025-10-11 13:24:52 [[31merror[39m]: API Error:
2025-10-11 13:24:52 [[31merror[39m]: Erreur lors de la création du serveur: Invalid URL
TypeError: Invalid URL
    at new URL (node:internal/url:828:25)
    at dispatchHttpRequest (C:\Users\jules\Desktop\Guild Cart\bot\node_modules\axios\lib\adapters\http.js:235:20)
    at C:\Users\jules\Desktop\Guild Cart\bot\node_modules\axios\lib\adapters\http.js:155:5
    at new Promise (<anonymous>)
    at wrapAsync (C:\Users\jules\Desktop\Guild Cart\bot\node_modules\axios\lib\adapters\http.js:135:10)
    at http (C:\Users\jules\Desktop\Guild Cart\bot\node_modules\axios\lib\adapters\http.js:173:10)
    at Axios.dispatchRequest (C:\Users\jules\Desktop\Guild Cart\bot\node_modules\axios\lib\core\dispatchRequest.js:51:10)
    at Axios._request (C:\Users\jules\Desktop\Guild Cart\bot\node_modules\axios\lib\core\Axios.js:185:33)
    at Axios.request (C:\Users\jules\Desktop\Guild Cart\bot\node_modules\axios\lib\core\Axios.js:40:25)
    at Axios.httpMethod [as post] (C:\Users\jules\Desktop\Guild Cart\bot\node_modules\axios\lib\core\Axios.js:224:19)
    at Axios.request (C:\Users\jules\Desktop\Guild Cart\bot\node_modules\axios\lib\core\Axios.js:45:41)
    at processTicksAndRejections (node:internal/process/task_queues:105:5)
    at ApiClient.createServer (C:\Users\jules\Desktop\Guild Cart\bot\src\utils\apiClient.ts:98:24)
    at Object.execute (C:\Users\jules\Desktop\Guild Cart\bot\src\commands\setup.ts:90:9)
    at Object.execute (C:\Users\jules\Desktop\Guild Cart\bot\src\events\interactionCreate.ts:19:7)
2025-10-11 13:24:52 [[31merror[39m]: Erreur lors de la création du serveur: Invalid URL
TypeError: Invalid URL
    at new URL (node:internal/url:828:25)
    at dispatchHttpRequest (C:\Users\jules\Desktop\Guild Cart\bot\node_modules\axios\lib\adapters\http.js:235:20)
    at C:\Users\jules\Desktop\Guild Cart\bot\node_modules\axios\lib\adapters\http.js:155:5
    at new Promise (<anonymous>)
    at wrapAsync (C:\Users\jules\Desktop\Guild Cart\bot\node_modules\axios\lib\adapters\http.js:135:10)
    at http (C:\Users\jules\Desktop\Guild Cart\bot\node_modules\axios\lib\adapters\http.js:173:10)
    at Axios.dispatchRequest (C:\Users\jules\Desktop\Guild Cart\bot\node_modules\axios\lib\core\dispatchRequest.js:51:10)
    at Axios._request (C:\Users\jules\Desktop\Guild Cart\bot\node_modules\axios\lib\core\Axios.js:185:33)
    at Axios.request (C:\Users\jules\Desktop\Guild Cart\bot\node_modules\axios\lib\core\Axios.js:40:25)
    at Axios.httpMethod [as post] (C:\Users\jules\Desktop\Guild Cart\bot\node_modules\axios\lib\core\Axios.js:224:19)
    at Axios.request (C:\Users\jules\Desktop\Guild Cart\bot\node_modules\axios\lib\core\Axios.js:45:41)
    at processTicksAndRejections (node:internal/process/task_queues:105:5)
    at ApiClient.createServer (C:\Users\jules\Desktop\Guild Cart\bot\src\utils\apiClient.ts:98:24)
    at Object.execute (C:\Users\jules\Desktop\Guild Cart\bot\src\commands\setup.ts:90:9)
    at Object.execute (C:\Users\jules\Desktop\Guild Cart\bot\src\events\interactionCreate.ts:19:7)
2025-10-11 13:25:18 [[31merror[39m]: API Error:
2025-10-11 13:25:18 [[31merror[39m]: Erreur lors de la récupération des produits: Invalid URL
TypeError: Invalid URL
    at new URL (node:internal/url:828:25)
    at dispatchHttpRequest (C:\Users\jules\Desktop\Guild Cart\bot\node_modules\axios\lib\adapters\http.js:235:20)
    at C:\Users\jules\Desktop\Guild Cart\bot\node_modules\axios\lib\adapters\http.js:155:5
    at new Promise (<anonymous>)
    at wrapAsync (C:\Users\jules\Desktop\Guild Cart\bot\node_modules\axios\lib\adapters\http.js:135:10)
    at http (C:\Users\jules\Desktop\Guild Cart\bot\node_modules\axios\lib\adapters\http.js:173:10)
    at Axios.dispatchRequest (C:\Users\jules\Desktop\Guild Cart\bot\node_modules\axios\lib\core\dispatchRequest.js:51:10)
    at Axios._request (C:\Users\jules\Desktop\Guild Cart\bot\node_modules\axios\lib\core\Axios.js:185:33)
    at Axios.request (C:\Users\jules\Desktop\Guild Cart\bot\node_modules\axios\lib\core\Axios.js:40:25)
    at Axios.<computed> [as get] (C:\Users\jules\Desktop\Guild Cart\bot\node_modules\axios\lib\core\Axios.js:211:17)
    at Axios.request (C:\Users\jules\Desktop\Guild Cart\bot\node_modules\axios\lib\core\Axios.js:45:41)
    at processTicksAndRejections (node:internal/process/task_queues:105:5)
    at ApiClient.getServerProducts (C:\Users\jules\Desktop\Guild Cart\bot\src\utils\apiClient.ts:35:24)
    at Object.execute (C:\Users\jules\Desktop\Guild Cart\bot\src\commands\shop.ts:20:22)
    at Object.execute (C:\Users\jules\Desktop\Guild Cart\bot\src\events\interactionCreate.ts:19:7)
2025-10-11 13:25:18 [[31merror[39m]: Erreur dans la commande /shop: Invalid URL
TypeError: Invalid URL
    at new URL (node:internal/url:828:25)
    at dispatchHttpRequest (C:\Users\jules\Desktop\Guild Cart\bot\node_modules\axios\lib\adapters\http.js:235:20)
    at C:\Users\jules\Desktop\Guild Cart\bot\node_modules\axios\lib\adapters\http.js:155:5
    at new Promise (<anonymous>)
    at wrapAsync (C:\Users\jules\Desktop\Guild Cart\bot\node_modules\axios\lib\adapters\http.js:135:10)
    at http (C:\Users\jules\Desktop\Guild Cart\bot\node_modules\axios\lib\adapters\http.js:173:10)
    at Axios.dispatchRequest (C:\Users\jules\Desktop\Guild Cart\bot\node_modules\axios\lib\core\dispatchRequest.js:51:10)
    at Axios._request (C:\Users\jules\Desktop\Guild Cart\bot\node_modules\axios\lib\core\Axios.js:185:33)
    at Axios.request (C:\Users\jules\Desktop\Guild Cart\bot\node_modules\axios\lib\core\Axios.js:40:25)
    at Axios.<computed> [as get] (C:\Users\jules\Desktop\Guild Cart\bot\node_modules\axios\lib\core\Axios.js:211:17)
    at Axios.request (C:\Users\jules\Desktop\Guild Cart\bot\node_modules\axios\lib\core\Axios.js:45:41)
    at processTicksAndRejections (node:internal/process/task_queues:105:5)
    at ApiClient.getServerProducts (C:\Users\jules\Desktop\Guild Cart\bot\src\utils\apiClient.ts:35:24)
    at Object.execute (C:\Users\jules\Desktop\Guild Cart\bot\src\commands\shop.ts:20:22)
    at Object.execute (C:\Users\jules\Desktop\Guild Cart\bot\src\events\interactionCreate.ts:19:7)
2025-10-11 13:25:31 [[31merror[39m]: API Error:
2025-10-11 13:25:31 [[31merror[39m]: Erreur lors de la récupération des commandes: Invalid URL
TypeError: Invalid URL
    at new URL (node:internal/url:828:25)
    at dispatchHttpRequest (C:\Users\jules\Desktop\Guild Cart\bot\node_modules\axios\lib\adapters\http.js:235:20)
    at C:\Users\jules\Desktop\Guild Cart\bot\node_modules\axios\lib\adapters\http.js:155:5
    at new Promise (<anonymous>)
    at wrapAsync (C:\Users\jules\Desktop\Guild Cart\bot\node_modules\axios\lib\adapters\http.js:135:10)
    at http (C:\Users\jules\Desktop\Guild Cart\bot\node_modules\axios\lib\adapters\http.js:173:10)
    at Axios.dispatchRequest (C:\Users\jules\Desktop\Guild Cart\bot\node_modules\axios\lib\core\dispatchRequest.js:51:10)
    at Axios._request (C:\Users\jules\Desktop\Guild Cart\bot\node_modules\axios\lib\core\Axios.js:185:33)
    at Axios.request (C:\Users\jules\Desktop\Guild Cart\bot\node_modules\axios\lib\core\Axios.js:40:25)
    at Axios.<computed> [as get] (C:\Users\jules\Desktop\Guild Cart\bot\node_modules\axios\lib\core\Axios.js:211:17)
    at Axios.request (C:\Users\jules\Desktop\Guild Cart\bot\node_modules\axios\lib\core\Axios.js:45:41)
    at processTicksAndRejections (node:internal/process/task_queues:105:5)
    at ApiClient.getUserOrders (C:\Users\jules\Desktop\Guild Cart\bot\src\utils\apiClient.ts:71:24)
    at Object.execute (C:\Users\jules\Desktop\Guild Cart\bot\src\commands\inventory.ts:14:20)
    at Object.execute (C:\Users\jules\Desktop\Guild Cart\bot\src\events\interactionCreate.ts:19:7)
2025-10-11 13:25:31 [[31merror[39m]: Erreur dans la commande /inventory: Invalid URL
TypeError: Invalid URL
    at new URL (node:internal/url:828:25)
    at dispatchHttpRequest (C:\Users\jules\Desktop\Guild Cart\bot\node_modules\axios\lib\adapters\http.js:235:20)
    at C:\Users\jules\Desktop\Guild Cart\bot\node_modules\axios\lib\adapters\http.js:155:5
    at new Promise (<anonymous>)
    at wrapAsync (C:\Users\jules\Desktop\Guild Cart\bot\node_modules\axios\lib\adapters\http.js:135:10)
    at http (C:\Users\jules\Desktop\Guild Cart\bot\node_modules\axios\lib\adapters\http.js:173:10)
    at Axios.dispatchRequest (C:\Users\jules\Desktop\Guild Cart\bot\node_modules\axios\lib\core\dispatchRequest.js:51:10)
    at Axios._request (C:\Users\jules\Desktop\Guild Cart\bot\node_modules\axios\lib\core\Axios.js:185:33)
    at Axios.request (C:\Users\jules\Desktop\Guild Cart\bot\node_modules\axios\lib\core\Axios.js:40:25)
    at Axios.<computed> [as get] (C:\Users\jules\Desktop\Guild Cart\bot\node_modules\axios\lib\core\Axios.js:211:17)
    at Axios.request (C:\Users\jules\Desktop\Guild Cart\bot\node_modules\axios\lib\core\Axios.js:45:41)
    at processTicksAndRejections (node:internal/process/task_queues:105:5)
    at ApiClient.getUserOrders (C:\Users\jules\Desktop\Guild Cart\bot\src\utils\apiClient.ts:71:24)
    at Object.execute (C:\Users\jules\Desktop\Guild Cart\bot\src\commands\inventory.ts:14:20)
    at Object.execute (C:\Users\jules\Desktop\Guild Cart\bot\src\events\interactionCreate.ts:19:7)
2025-10-11 13:29:14 [[31merror[39m]: API Error:
2025-10-11 13:29:14 [[31merror[39m]: Erreur lors de la récupération des commandes: Invalid URL
TypeError: Invalid URL
    at new URL (node:internal/url:828:25)
    at dispatchHttpRequest (C:\Users\jules\Desktop\Guild Cart\bot\node_modules\axios\lib\adapters\http.js:235:20)
    at C:\Users\jules\Desktop\Guild Cart\bot\node_modules\axios\lib\adapters\http.js:155:5
    at new Promise (<anonymous>)
    at wrapAsync (C:\Users\jules\Desktop\Guild Cart\bot\node_modules\axios\lib\adapters\http.js:135:10)
    at http (C:\Users\jules\Desktop\Guild Cart\bot\node_modules\axios\lib\adapters\http.js:173:10)
    at Axios.dispatchRequest (C:\Users\jules\Desktop\Guild Cart\bot\node_modules\axios\lib\core\dispatchRequest.js:51:10)
    at Axios._request (C:\Users\jules\Desktop\Guild Cart\bot\node_modules\axios\lib\core\Axios.js:185:33)
    at Axios.request (C:\Users\jules\Desktop\Guild Cart\bot\node_modules\axios\lib\core\Axios.js:40:25)
    at Axios.<computed> [as get] (C:\Users\jules\Desktop\Guild Cart\bot\node_modules\axios\lib\core\Axios.js:211:17)
    at Axios.request (C:\Users\jules\Desktop\Guild Cart\bot\node_modules\axios\lib\core\Axios.js:45:41)
    at processTicksAndRejections (node:internal/process/task_queues:105:5)
    at ApiClient.getUserOrders (C:\Users\jules\Desktop\Guild Cart\bot\src\utils\apiClient.ts:71:24)
    at Object.execute (C:\Users\jules\Desktop\Guild Cart\bot\src\commands\inventory.ts:14:20)
    at Object.execute (C:\Users\jules\Desktop\Guild Cart\bot\src\events\interactionCreate.ts:19:7)
2025-10-11 13:29:14 [[31merror[39m]: Erreur dans la commande /inventory: Invalid URL
TypeError: Invalid URL
    at new URL (node:internal/url:828:25)
    at dispatchHttpRequest (C:\Users\jules\Desktop\Guild Cart\bot\node_modules\axios\lib\adapters\http.js:235:20)
    at C:\Users\jules\Desktop\Guild Cart\bot\node_modules\axios\lib\adapters\http.js:155:5
    at new Promise (<anonymous>)
    at wrapAsync (C:\Users\jules\Desktop\Guild Cart\bot\node_modules\axios\lib\adapters\http.js:135:10)
    at http (C:\Users\jules\Desktop\Guild Cart\bot\node_modules\axios\lib\adapters\http.js:173:10)
    at Axios.dispatchRequest (C:\Users\jules\Desktop\Guild Cart\bot\node_modules\axios\lib\core\dispatchRequest.js:51:10)
    at Axios._request (C:\Users\jules\Desktop\Guild Cart\bot\node_modules\axios\lib\core\Axios.js:185:33)
    at Axios.request (C:\Users\jules\Desktop\Guild Cart\bot\node_modules\axios\lib\core\Axios.js:40:25)
    at Axios.<computed> [as get] (C:\Users\jules\Desktop\Guild Cart\bot\node_modules\axios\lib\core\Axios.js:211:17)
    at Axios.request (C:\Users\jules\Desktop\Guild Cart\bot\node_modules\axios\lib\core\Axios.js:45:41)
    at processTicksAndRejections (node:internal/process/task_queues:105:5)
    at ApiClient.getUserOrders (C:\Users\jules\Desktop\Guild Cart\bot\src\utils\apiClient.ts:71:24)
    at Object.execute (C:\Users\jules\Desktop\Guild Cart\bot\src\commands\inventory.ts:14:20)
    at Object.execute (C:\Users\jules\Desktop\Guild Cart\bot\src\events\interactionCreate.ts:19:7)
2025-10-11 13:29:35 [[31merror[39m]: API Error:
2025-10-11 13:29:35 [[31merror[39m]: Erreur lors de la récupération des produits: Invalid URL
TypeError: Invalid URL
    at new URL (node:internal/url:828:25)
    at dispatchHttpRequest (C:\Users\jules\Desktop\Guild Cart\bot\node_modules\axios\lib\adapters\http.js:235:20)
    at C:\Users\jules\Desktop\Guild Cart\bot\node_modules\axios\lib\adapters\http.js:155:5
    at new Promise (<anonymous>)
    at wrapAsync (C:\Users\jules\Desktop\Guild Cart\bot\node_modules\axios\lib\adapters\http.js:135:10)
    at http (C:\Users\jules\Desktop\Guild Cart\bot\node_modules\axios\lib\adapters\http.js:173:10)
    at Axios.dispatchRequest (C:\Users\jules\Desktop\Guild Cart\bot\node_modules\axios\lib\core\dispatchRequest.js:51:10)
    at Axios._request (C:\Users\jules\Desktop\Guild Cart\bot\node_modules\axios\lib\core\Axios.js:185:33)
    at Axios.request (C:\Users\jules\Desktop\Guild Cart\bot\node_modules\axios\lib\core\Axios.js:40:25)
    at Axios.<computed> [as get] (C:\Users\jules\Desktop\Guild Cart\bot\node_modules\axios\lib\core\Axios.js:211:17)
    at Axios.request (C:\Users\jules\Desktop\Guild Cart\bot\node_modules\axios\lib\core\Axios.js:45:41)
    at processTicksAndRejections (node:internal/process/task_queues:105:5)
    at ApiClient.getServerProducts (C:\Users\jules\Desktop\Guild Cart\bot\src\utils\apiClient.ts:35:24)
    at Object.execute (C:\Users\jules\Desktop\Guild Cart\bot\src\commands\shop.ts:20:22)
    at Object.execute (C:\Users\jules\Desktop\Guild Cart\bot\src\events\interactionCreate.ts:19:7)
2025-10-11 13:29:35 [[31merror[39m]: Erreur dans la commande /shop: Invalid URL
TypeError: Invalid URL
    at new URL (node:internal/url:828:25)
    at dispatchHttpRequest (C:\Users\jules\Desktop\Guild Cart\bot\node_modules\axios\lib\adapters\http.js:235:20)
    at C:\Users\jules\Desktop\Guild Cart\bot\node_modules\axios\lib\adapters\http.js:155:5
    at new Promise (<anonymous>)
    at wrapAsync (C:\Users\jules\Desktop\Guild Cart\bot\node_modules\axios\lib\adapters\http.js:135:10)
    at http (C:\Users\jules\Desktop\Guild Cart\bot\node_modules\axios\lib\adapters\http.js:173:10)
    at Axios.dispatchRequest (C:\Users\jules\Desktop\Guild Cart\bot\node_modules\axios\lib\core\dispatchRequest.js:51:10)
    at Axios._request (C:\Users\jules\Desktop\Guild Cart\bot\node_modules\axios\lib\core\Axios.js:185:33)
    at Axios.request (C:\Users\jules\Desktop\Guild Cart\bot\node_modules\axios\lib\core\Axios.js:40:25)
    at Axios.<computed> [as get] (C:\Users\jules\Desktop\Guild Cart\bot\node_modules\axios\lib\core\Axios.js:211:17)
    at Axios.request (C:\Users\jules\Desktop\Guild Cart\bot\node_modules\axios\lib\core\Axios.js:45:41)
    at processTicksAndRejections (node:internal/process/task_queues:105:5)
    at ApiClient.getServerProducts (C:\Users\jules\Desktop\Guild Cart\bot\src\utils\apiClient.ts:35:24)
    at Object.execute (C:\Users\jules\Desktop\Guild Cart\bot\src\commands\shop.ts:20:22)
    at Object.execute (C:\Users\jules\Desktop\Guild Cart\bot\src\events\interactionCreate.ts:19:7)
2025-10-11 13:32:02 [[31merror[39m]: API Error:
2025-10-11 13:32:02 [[31merror[39m]: Erreur lors de la récupération des produits: Invalid URL
TypeError: Invalid URL
    at new URL (node:internal/url:828:25)
    at dispatchHttpRequest (C:\Users\jules\Desktop\Guild Cart\bot\node_modules\axios\lib\adapters\http.js:235:20)
    at C:\Users\jules\Desktop\Guild Cart\bot\node_modules\axios\lib\adapters\http.js:155:5
    at new Promise (<anonymous>)
    at wrapAsync (C:\Users\jules\Desktop\Guild Cart\bot\node_modules\axios\lib\adapters\http.js:135:10)
    at http (C:\Users\jules\Desktop\Guild Cart\bot\node_modules\axios\lib\adapters\http.js:173:10)
    at Axios.dispatchRequest (C:\Users\jules\Desktop\Guild Cart\bot\node_modules\axios\lib\core\dispatchRequest.js:51:10)
    at Axios._request (C:\Users\jules\Desktop\Guild Cart\bot\node_modules\axios\lib\core\Axios.js:185:33)
    at Axios.request (C:\Users\jules\Desktop\Guild Cart\bot\node_modules\axios\lib\core\Axios.js:40:25)
    at Axios.<computed> [as get] (C:\Users\jules\Desktop\Guild Cart\bot\node_modules\axios\lib\core\Axios.js:211:17)
    at Axios.request (C:\Users\jules\Desktop\Guild Cart\bot\node_modules\axios\lib\core\Axios.js:45:41)
    at processTicksAndRejections (node:internal/process/task_queues:105:5)
    at ApiClient.getServerProducts (C:\Users\jules\Desktop\Guild Cart\bot\src\utils\apiClient.ts:35:24)
    at Object.execute (C:\Users\jules\Desktop\Guild Cart\bot\src\commands\shop.ts:20:22)
    at Object.execute (C:\Users\jules\Desktop\Guild Cart\bot\src\events\interactionCreate.ts:19:7)
2025-10-11 13:32:02 [[31merror[39m]: Erreur dans la commande /shop: Invalid URL
TypeError: Invalid URL
    at new URL (node:internal/url:828:25)
    at dispatchHttpRequest (C:\Users\jules\Desktop\Guild Cart\bot\node_modules\axios\lib\adapters\http.js:235:20)
    at C:\Users\jules\Desktop\Guild Cart\bot\node_modules\axios\lib\adapters\http.js:155:5
    at new Promise (<anonymous>)
    at wrapAsync (C:\Users\jules\Desktop\Guild Cart\bot\node_modules\axios\lib\adapters\http.js:135:10)
    at http (C:\Users\jules\Desktop\Guild Cart\bot\node_modules\axios\lib\adapters\http.js:173:10)
    at Axios.dispatchRequest (C:\Users\jules\Desktop\Guild Cart\bot\node_modules\axios\lib\core\dispatchRequest.js:51:10)
    at Axios._request (C:\Users\jules\Desktop\Guild Cart\bot\node_modules\axios\lib\core\Axios.js:185:33)
    at Axios.request (C:\Users\jules\Desktop\Guild Cart\bot\node_modules\axios\lib\core\Axios.js:40:25)
    at Axios.<computed> [as get] (C:\Users\jules\Desktop\Guild Cart\bot\node_modules\axios\lib\core\Axios.js:211:17)
    at Axios.request (C:\Users\jules\Desktop\Guild Cart\bot\node_modules\axios\lib\core\Axios.js:45:41)
    at processTicksAndRejections (node:internal/process/task_queues:105:5)
    at ApiClient.getServerProducts (C:\Users\jules\Desktop\Guild Cart\bot\src\utils\apiClient.ts:35:24)
    at Object.execute (C:\Users\jules\Desktop\Guild Cart\bot\src\commands\shop.ts:20:22)
    at Object.execute (C:\Users\jules\Desktop\Guild Cart\bot\src\events\interactionCreate.ts:19:7)
2025-10-11 13:35:30 [[31merror[39m]: API Error:
2025-10-11 13:35:30 [[31merror[39m]: Request failed with status code 401
AxiosError: Request failed with status code 401
    at settle (C:\Users\jules\Desktop\Guild Cart\bot\node_modules\axios\lib\core\settle.js:19:12)
    at IncomingMessage.handleStreamEnd (C:\Users\jules\Desktop\Guild Cart\bot\node_modules\axios\lib\adapters\http.js:617:11)
    at IncomingMessage.emit (node:events:520:35)
    at endReadableNT (node:internal/streams/readable:1701:12)
    at processTicksAndRejections (node:internal/process/task_queues:90:21)
    at Axios.request (C:\Users\jules\Desktop\Guild Cart\bot\node_modules\axios\lib\core\Axios.js:45:41)
    at processTicksAndRejections (node:internal/process/task_queues:105:5)
    at ApiClient.getUserOrders (C:\Users\jules\Desktop\Guild Cart\bot\src\utils\apiClient.ts:84:24)
    at Object.execute (C:\Users\jules\Desktop\Guild Cart\bot\src\commands\inventory.ts:14:20)
    at Object.execute (C:\Users\jules\Desktop\Guild Cart\bot\src\events\interactionCreate.ts:19:7)
2025-10-11 13:35:30 [[31merror[39m]: Request failed with status code 401
AxiosError: Request failed with status code 401
    at settle (C:\Users\jules\Desktop\Guild Cart\bot\node_modules\axios\lib\core\settle.js:19:12)
    at IncomingMessage.handleStreamEnd (C:\Users\jules\Desktop\Guild Cart\bot\node_modules\axios\lib\adapters\http.js:617:11)
    at IncomingMessage.emit (node:events:520:35)
    at endReadableNT (node:internal/streams/readable:1701:12)
    at processTicksAndRejections (node:internal/process/task_queues:90:21)
    at Axios.request (C:\Users\jules\Desktop\Guild Cart\bot\node_modules\axios\lib\core\Axios.js:45:41)
    at processTicksAndRejections (node:internal/process/task_queues:105:5)
    at ApiClient.getUserOrders (C:\Users\jules\Desktop\Guild Cart\bot\src\utils\apiClient.ts:84:24)
    at Object.execute (C:\Users\jules\Desktop\Guild Cart\bot\src\commands\inventory.ts:14:20)
    at Object.execute (C:\Users\jules\Desktop\Guild Cart\bot\src\events\interactionCreate.ts:19:7)
